<?xml version="1.0" encoding="UTF-8" ?>
<testsuite tests="7" failures="0" name="hw1.problem3.PairwiseTest" time="0.079" errors="0" skipped="0">
  <properties>
[...]
</properties>
  <testcase classname="hw1.problem3.PairwiseTest" name="testBasicPartition" time="0.065"/>
  <testcase classname="hw1.problem3.PairwiseTest" name="testNoPartition" time="0"/>
  <testcase classname="hw1.problem3.PairwiseTest" name="testTwoPartition" time="0"/>
  <testcase classname="hw1.problem3.PairwiseTest" name="testOnePartition" time="0"/>
  <testcase classname="hw1.problem3.PairwiseTest" name="testEqualPartition" time="0.005"/>
  <testcase classname="hw1.problem3.PairwiseTest" name="testBasicPartition2" time="0"/>
  <testcase classname="hw1.problem3.PairwiseTest" name="testBasicPartition3" time="0.009"/>
</testsuite>